<?xml version="1.0" encoding="UTF-8"?>
<!-- Generated by org.testng.reporters.JUnitXMLReporter -->
<testsuite hostname="APUNNURI-LAP" ignored="0" name="Command line test 0940fc2f-074d-4d96-8707-87eba59efddc" tests="5" failures="1" timestamp="15 Nov 2017 06:39:44 GMT" time="64.362" errors="0">
  <testcase name="@AfterTest closeutilitysetup" time="0.001" classname="cricket.googlecricket">
    <failure type="java.lang.NullPointerException">
      <![CDATA[java.lang.NullPointerException
	at utilities.DBUtils.closeconn(DBUtils.java:79)
	at cricket.googlecricket.closeutilitysetup(googlecricket.java:107)
	at Base.TngXMLTest.main(TngXMLTest.java:40)
... Removed 20 stack frames]]>
    </failure>
  </testcase> <!-- @AfterTest closeutilitysetup -->
  <testcase name="testfootball" time="8.143" classname="football.googlefootball"/>
  <testcase name="testfootball" time="8.199" classname="football.googlefootball"/>
  <testcase name="testassociation" time="7.335" classname="football.googlefootball">
    <failure type="java.lang.AssertionError" message="Dissociation text not found expected [true] but found [false]">
      <![CDATA[java.lang.AssertionError: Dissociation text not found expected [true] but found [false]
	at football.googlefootball.testassociation(googlefootball.java:130)
	at Base.TngXMLTest.main(TngXMLTest.java:40)
... Removed 25 stack frames]]>
    </failure>
  </testcase> <!-- testassociation -->
  <testcase name="testcricket" time="7.882" classname="cricket.googlecricket"/>
  <testcase name="testwireless" time="8.13" classname="cricket.googlecricket"/>
</testsuite> <!-- Command line test 0940fc2f-074d-4d96-8707-87eba59efddc -->
