<?xml version="1.0" encoding="UTF-8"?>
<!-- Generated by org.testng.reporters.JUnitXMLReporter -->
<testsuite hostname="APUNNURI-LAP" ignored="0" name="Command line test 4da7502f-7a0e-4444-9cb3-508bf16aabdf" tests="3" failures="1" timestamp="15 Nov 2017 06:46:29 GMT" time="39.5" errors="0">
  <testcase name="testfootball" time="7.944" classname="football.googlefootball"/>
  <testcase name="testfootball" time="8.739" classname="football.googlefootball"/>
  <testcase name="testassociation" time="7.281" classname="football.googlefootball">
    <failure type="java.lang.AssertionError" message="Dissociation text not found expected [true] but found [false]">
      <![CDATA[java.lang.AssertionError: Dissociation text not found expected [true] but found [false]
	at football.googlefootball.testassociation(googlefootball.java:130)
	at Base.TngXMLTest.main(TngXMLTest.java:40)
... Removed 25 stack frames]]>
    </failure>
  </testcase> <!-- testassociation -->
</testsuite> <!-- Command line test 4da7502f-7a0e-4444-9cb3-508bf16aabdf -->
