<?xml version="1.0" encoding="UTF-8"?>
<!-- Generated by org.testng.reporters.JUnitXMLReporter -->
<testsuite hostname="APUNNURI-LAP" ignored="0" name="Command line test ac1d04c8-16ae-4537-ab7e-24659b7aa865" tests="5" failures="1" timestamp="13 Nov 2017 15:13:01 GMT" time="71.668" errors="0">
  <testcase name="@AfterTest closeutilitysetup" time="0.0" classname="cricket.googlecricket">
    <failure type="java.lang.NullPointerException">
      <![CDATA[java.lang.NullPointerException
	at utilities.DBUtils.closeconn(DBUtils.java:79)
	at cricket.googlecricket.closeutilitysetup(googlecricket.java:107)
	at Base.TngXMLTest.main(TngXMLTest.java:37)
... Removed 20 stack frames]]>
    </failure>
  </testcase> <!-- @AfterTest closeutilitysetup -->
  <testcase name="testfootball" time="10.055" classname="football.googlefootball"/>
  <testcase name="testfootball" time="8.635" classname="football.googlefootball"/>
  <testcase name="testassociation" time="9.231" classname="football.googlefootball">
    <failure type="java.lang.AssertionError" message="Dissociation text not found expected [true] but found [false]">
      <![CDATA[java.lang.AssertionError: Dissociation text not found expected [true] but found [false]
	at football.googlefootball.testassociation(googlefootball.java:130)
	at Base.TngXMLTest.main(TngXMLTest.java:37)
... Removed 25 stack frames]]>
    </failure>
  </testcase> <!-- testassociation -->
  <testcase name="testcricket" time="8.705" classname="cricket.googlecricket"/>
  <testcase name="testwireless" time="9.323" classname="cricket.googlecricket"/>
</testsuite> <!-- Command line test ac1d04c8-16ae-4537-ab7e-24659b7aa865 -->
