<?xml version="1.0" encoding="UTF-8"?>
<!-- Generated by org.testng.reporters.JUnitXMLReporter -->
<testsuite hostname="APUNNURI-LAP" ignored="1" name="FootballTest" tests="1" failures="1" timestamp="16 Nov 2017 02:56:21 GMT" time="13.601" errors="0">
  <testcase name="testassociation" time="8.349" classname="football.googlefootball">
    <failure type="java.lang.AssertionError" message="Dissociation text not found expected [true] but found [false]">
      <![CDATA[java.lang.AssertionError: Dissociation text not found expected [true] but found [false]
	at football.googlefootball.testassociation(googlefootball.java:130)
	at Base.TngXMLTest.testng(TngXMLTest.java:95)
... Removed 59 stack frames]]>
    </failure>
  </testcase> <!-- testassociation -->
  <testcase name="testfootball" time="0.0" classname="football.googlefootball">
    <ignored/>
  </testcase> <!-- testfootball -->
</testsuite> <!-- FootballTest -->
