<?xml version="1.0" encoding="UTF-8" ?>
<testsuites>
  <testsuite errors="0" failures="0" hostname="APUNNURI-LAP" ignored="0" name="Command line test" package="" tests="1" time="43.912" timestamp="16 Nov 2017 02:56:21 GMT">
      <testcase classname="Base.TngXMLTest" name="testng" time="43.887" />

  </testsuite>
  <testsuite errors="0" failures="0" name="TngXMLTest" package="Base" skipped="0" tests="1" time="43.884">
      <properties>
[...]
</properties>

      <testcase classname="Base.TngXMLTest" name="testng" time="43.884" />

  </testsuite>
  <testsuite errors="0" failures="0" hostname="APUNNURI-LAP" name="TngXMLTest" package="Base" skipped="0" tests="1" time="43.887" timestamp="16 Nov 2017 02:56:21 GMT">
      <testcase classname="Base.TngXMLTest" name="testng" time="43.887" />

  </testsuite>
</testsuites>
